# JRE version: Java(TM) SE Runtime Environment (8.0_171-b11) (build 1.8.0_171-b11)
# Java VM: Java HotSpot(TM) 64-Bit Server VM (25.171-b11 mixed mode windows-amd64 compressed oops)
Heap:
 PSYoungGen      total 33280K, used 8389K [0x00000000db100000, 0x00000000dd600000, 0x0000000100000000)
  eden space 28672K, 13% used [0x00000000db100000,0x00000000db4b5a38,0x00000000dcd00000)
  from space 4608K, 99% used [0x00000000dcd00000,0x00000000dd17bbb0,0x00000000dd180000)
  to   space 4608K, 0% used [0x00000000dd180000,0x00000000dd180000,0x00000000dd600000)
 ParOldGen       total 76800K, used 3523K [0x0000000091200000, 0x0000000095d00000, 0x00000000db100000)
  object space 76800K, 4% used [0x0000000091200000,0x0000000091570da8,0x0000000095d00000)
 Metaspace       used 14909K, capacity 15254K, committed 15616K, reserved 1062912K
  class space    used 1840K, capacity 1939K, committed 2048K, reserved 1048576K
GC Heap History (6 events):
Event: 5.283 GC heap before
{Heap before GC invocations=1 (full 0):
 PSYoungGen      total 33280K, used 28672K [0x00000000db100000, 0x00000000dd600000, 0x0000000100000000)
  eden space 28672K, 100% used [0x00000000db100000,0x00000000dcd00000,0x00000000dcd00000)
  from space 4608K, 0% used [0x00000000dd180000,0x00000000dd180000,0x00000000dd600000)
  to   space 4608K, 0% used [0x00000000dcd00000,0x00000000dcd00000,0x00000000dd180000)
 ParOldGen       total 76800K, used 0K [0x0000000091200000, 0x0000000095d00000, 0x00000000db100000)
  object space 76800K, 0% used [0x0000000091200000,0x0000000091200000,0x0000000095d00000)
 Metaspace       used 8047K, capacity 8264K, committed 8576K, reserved 1056768K
  class space    used 988K, capacity 1052K, committed 1152K, reserved 1048576K
Event: 5.301 GC heap after
Heap after GC invocations=1 (full 0):
 PSYoungGen      total 33280K, used 4563K [0x00000000db100000, 0x00000000dd600000, 0x0000000100000000)
  eden space 28672K, 0% used [0x00000000db100000,0x00000000db100000,0x00000000dcd00000)
  from space 4608K, 99% used [0x00000000dcd00000,0x00000000dd174e98,0x00000000dd180000)
  to   space 4608K, 0% used [0x00000000dd180000,0x00000000dd180000,0x00000000dd600000)
 ParOldGen       total 76800K, used 8K [0x0000000091200000, 0x0000000095d00000, 0x00000000db100000)
  object space 76800K, 0% used [0x0000000091200000,0x0000000091202000,0x0000000095d00000)
 Metaspace       used 8047K, capacity 8264K, committed 8576K, reserved 1056768K
  class space    used 988K, capacity 1052K, committed 1152K, reserved 1048576K
}
Event: 7.616 GC heap before
{Heap before GC invocations=2 (full 0):
 PSYoungGen      total 33280K, used 33235K [0x00000000db100000, 0x00000000dd600000, 0x0000000100000000)
  eden space 28672K, 100% used [0x00000000db100000,0x00000000dcd00000,0x00000000dcd00000)
  from space 4608K, 99% used [0x00000000dcd00000,0x00000000dd174e98,0x00000000dd180000)
  to   space 4608K, 0% used [0x00000000dd180000,0x00000000dd180000,0x00000000dd600000)
 ParOldGen       total 76800K, used 8K [0x0000000091200000, 0x0000000095d00000, 0x00000000db100000)
  object space 76800K, 0% used [0x0000000091200000,0x0000000091202000,0x0000000095d00000)
 Metaspace       used 10631K, capacity 10890K, committed 11264K, reserved 1058816K
  class space    used 1319K, capacity 1415K, committed 1536K, reserved 1048576K
Event: 7.639 GC heap after
Heap after GC invocations=2 (full 0):
 PSYoungGen      total 33280K, used 4590K [0x00000000db100000, 0x00000000dd600000, 0x0000000100000000)
  eden space 28672K, 0% used [0x00000000db100000,0x00000000db100000,0x00000000dcd00000)
  from space 4608K, 99% used [0x00000000dd180000,0x00000000dd5fb910,0x00000000dd600000)
  to   space 4608K, 0% used [0x00000000dcd00000,0x00000000dcd00000,0x00000000dd180000)
 ParOldGen       total 76800K, used 1024K [0x0000000091200000, 0x0000000095d00000, 0x00000000db100000)
  object space 76800K, 1% used [0x0000000091200000,0x0000000091300388,0x0000000095d00000)
 Metaspace       used 10631K, capacity 10890K, committed 11264K, reserved 1058816K
  class space    used 1319K, capacity 1415K, committed 1536K, reserved 1048576K
}
Event: 11.933 GC heap before
{Heap before GC invocations=3 (full 0):
 PSYoungGen      total 33280K, used 33262K [0x00000000db100000, 0x00000000dd600000, 0x0000000100000000)
  eden space 28672K, 100% used [0x00000000db100000,0x00000000dcd00000,0x00000000dcd00000)
  from space 4608K, 99% used [0x00000000dd180000,0x00000000dd5fb910,0x00000000dd600000)
  to   space 4608K, 0% used [0x00000000dcd00000,0x00000000dcd00000,0x00000000dd180000)
 ParOldGen       total 76800K, used 1024K [0x0000000091200000, 0x0000000095d00000, 0x00000000db100000)
  object space 76800K, 1% used [0x0000000091200000,0x0000000091300388,0x0000000095d00000)
 Metaspace       used 14291K, capacity 14518K, committed 14720K, reserved 1062912K
  class space    used 1779K, capacity 1843K, committed 1920K, reserved 1048576K
Event: 11.974 GC heap after
Heap after GC invocations=3 (full 0):
 PSYoungGen      total 33280K, used 4590K [0x00000000db100000, 0x00000000dd600000, 0x0000000100000000)
  eden space 28672K, 0% used [0x00000000db100000,0x00000000db100000,0x00000000dcd00000)
  from space 4608K, 99% used [0x00000000dcd00000,0x00000000dd17bbb0,0x00000000dd180000)
  to   space 4608K, 0% used [0x00000000dd180000,0x00000000dd180000,0x00000000dd600000)
 ParOldGen       total 76800K, used 3523K [0x0000000091200000, 0x0000000095d00000, 0x00000000db100000)
  object space 76800K, 4% used [0x0000000091200000,0x0000000091570da8,0x0000000095d00000)
 Metaspace       used 14291K, capacity 14518K, committed 14720K, reserved 1062912K
  class space    used 1779K, capacity 1843K, committed 1920K, reserved 1048576K
}

